<?xml version="1.0" encoding="UTF-8"?><testsuite errors="0" failures="0" name="com.gorest.testsuite.GoRestCrudTest" skipped="0" tests="3" time="6.81" timestamp="2023-01-02T20:22:44.354Z[Europe/London]"><testcase classname="com.gorest.testsuite.GoRestCrudTest" name="This will create new user"/><testcase classname="com.gorest.testsuite.GoRestCrudTest" name="This test will Update the user information"/><testcase classname="com.gorest.testsuite.GoRestCrudTest" name="Delete the user and verify if the user is deleted!"/></testsuite>